<?xml version="1.0" encoding="UTF-8"?>
<!-- Generated by org.testng.reporters.JUnitReportReporter -->
<testsuite hostname="dell-Inspiron-5502" failures="0" tests="1" name="org.example.GenaricAutomation" time="21.689" errors="0" timestamp="2022-01-02T23:14:21 IST" skipped="0">
  <testcase classname="org.example.GenaricAutomation" name="Test" time="21.689"/>
  <system-out/>
</testsuite> <!-- org.example.GenaricAutomation -->
