<?xml version="1.0" encoding="UTF-8"?>
<testsuite xmlns:xsi="http://www.w3.org/2001/XMLSchema-instance" xsi:noNamespaceSchemaLocation="https://maven.apache.org/surefire/maven-surefire-plugin/xsd/surefire-test-report-3.0.xsd" version="3.0" name="TestSuite" time="22.483" tests="1" errors="0" skipped="0" failures="0">
  <properties>
    <property name="sun.desktop" value="gnome"/>
    <property name="awt.toolkit" value="sun.awt.X11.XToolkit"/>
    <property name="java.specification.version" value="11"/>
    <property name="webdriver.chrome.driver" value="/home/dell/.cache/selenium/chromedriver/linux64/96.0.4664.45/chromedriver"/>
    <property name="sun.cpu.isalist" value=""/>
    <property name="sun.jnu.encoding" value="UTF-8"/>
    <property name="java.class.path" value="/home/dell/Selenium_Automation/target/test-classes:/home/dell/Selenium_Automation/target/classes:/home/dell/.m2/repository/org/testng/testng/7.4.0/testng-7.4.0.jar:/home/dell/.m2/repository/com/beust/jcommander/1.78/jcommander-1.78.jar:/home/dell/.m2/repository/org/webjars/jquery/3.5.1/jquery-3.5.1.jar:/home/dell/.m2/repository/org/seleniumhq/selenium/selenium-java/3.141.59/selenium-java-3.141.59.jar:/home/dell/.m2/repository/org/seleniumhq/selenium/selenium-api/3.141.59/selenium-api-3.141.59.jar:/home/dell/.m2/repository/org/seleniumhq/selenium/selenium-chrome-driver/3.141.59/selenium-chrome-driver-3.141.59.jar:/home/dell/.m2/repository/org/seleniumhq/selenium/selenium-edge-driver/3.141.59/selenium-edge-driver-3.141.59.jar:/home/dell/.m2/repository/org/seleniumhq/selenium/selenium-firefox-driver/3.141.59/selenium-firefox-driver-3.141.59.jar:/home/dell/.m2/repository/org/seleniumhq/selenium/selenium-ie-driver/3.141.59/selenium-ie-driver-3.141.59.jar:/home/dell/.m2/repository/org/seleniumhq/selenium/selenium-opera-driver/3.141.59/selenium-opera-driver-3.141.59.jar:/home/dell/.m2/repository/org/seleniumhq/selenium/selenium-remote-driver/3.141.59/selenium-remote-driver-3.141.59.jar:/home/dell/.m2/repository/org/seleniumhq/selenium/selenium-safari-driver/3.141.59/selenium-safari-driver-3.141.59.jar:/home/dell/.m2/repository/org/seleniumhq/selenium/selenium-support/3.141.59/selenium-support-3.141.59.jar:/home/dell/.m2/repository/net/bytebuddy/byte-buddy/1.8.15/byte-buddy-1.8.15.jar:/home/dell/.m2/repository/org/apache/commons/commons-exec/1.3/commons-exec-1.3.jar:/home/dell/.m2/repository/com/google/guava/guava/25.0-jre/guava-25.0-jre.jar:/home/dell/.m2/repository/com/google/code/findbugs/jsr305/1.3.9/jsr305-1.3.9.jar:/home/dell/.m2/repository/org/checkerframework/checker-compat-qual/2.0.0/checker-compat-qual-2.0.0.jar:/home/dell/.m2/repository/com/google/errorprone/error_prone_annotations/2.1.3/error_prone_annotations-2.1.3.jar:/home/dell/.m2/repository/com/google/j2objc/j2objc-annotations/1.1/j2objc-annotations-1.1.jar:/home/dell/.m2/repository/org/codehaus/mojo/animal-sniffer-annotations/1.14/animal-sniffer-annotations-1.14.jar:/home/dell/.m2/repository/com/squareup/okhttp3/okhttp/3.11.0/okhttp-3.11.0.jar:/home/dell/.m2/repository/com/squareup/okio/okio/1.14.0/okio-1.14.0.jar:/home/dell/.m2/repository/io/github/bonigarcia/webdrivermanager/5.0.0/webdrivermanager-5.0.0.jar:/home/dell/.m2/repository/org/slf4j/slf4j-api/1.7.32/slf4j-api-1.7.32.jar:/home/dell/.m2/repository/com/google/code/gson/gson/2.8.8/gson-2.8.8.jar:/home/dell/.m2/repository/org/jsoup/jsoup/1.14.2/jsoup-1.14.2.jar:/home/dell/.m2/repository/com/github/docker-java/docker-java/3.2.11/docker-java-3.2.11.jar:/home/dell/.m2/repository/com/github/docker-java/docker-java-core/3.2.11/docker-java-core-3.2.11.jar:/home/dell/.m2/repository/com/github/docker-java/docker-java-api/3.2.11/docker-java-api-3.2.11.jar:/home/dell/.m2/repository/com/fasterxml/jackson/core/jackson-annotations/2.10.3/jackson-annotations-2.10.3.jar:/home/dell/.m2/repository/commons-io/commons-io/2.6/commons-io-2.6.jar:/home/dell/.m2/repository/commons-lang/commons-lang/2.6/commons-lang-2.6.jar:/home/dell/.m2/repository/com/fasterxml/jackson/core/jackson-databind/2.10.3/jackson-databind-2.10.3.jar:/home/dell/.m2/repository/com/fasterxml/jackson/core/jackson-core/2.10.3/jackson-core-2.10.3.jar:/home/dell/.m2/repository/org/bouncycastle/bcpkix-jdk15on/1.64/bcpkix-jdk15on-1.64.jar:/home/dell/.m2/repository/org/bouncycastle/bcprov-jdk15on/1.64/bcprov-jdk15on-1.64.jar:/home/dell/.m2/repository/org/slf4j/jcl-over-slf4j/1.7.30/jcl-over-slf4j-1.7.30.jar:/home/dell/.m2/repository/com/github/docker-java/docker-java-transport-httpclient5/3.2.11/docker-java-transport-httpclient5-3.2.11.jar:/home/dell/.m2/repository/com/github/docker-java/docker-java-transport/3.2.11/docker-java-transport-3.2.11.jar:/home/dell/.m2/repository/org/apache/httpcomponents/client5/httpclient5/5.0.3/httpclient5-5.0.3.jar:/home/dell/.m2/repository/org/apache/httpcomponents/core5/httpcore5/5.0.2/httpcore5-5.0.2.jar:/home/dell/.m2/repository/net/java/dev/jna/jna/5.8.0/jna-5.8.0.jar:/home/dell/.m2/repository/org/brotli/dec/0.1.2/dec-0.1.2.jar:/home/dell/.m2/repository/com/opencsv/opencsv/5.4/opencsv-5.4.jar:/home/dell/.m2/repository/org/apache/commons/commons-lang3/3.11/commons-lang3-3.11.jar:/home/dell/.m2/repository/org/apache/commons/commons-text/1.9/commons-text-1.9.jar:/home/dell/.m2/repository/commons-beanutils/commons-beanutils/1.9.4/commons-beanutils-1.9.4.jar:/home/dell/.m2/repository/commons-logging/commons-logging/1.2/commons-logging-1.2.jar:/home/dell/.m2/repository/commons-collections/commons-collections/3.2.2/commons-collections-3.2.2.jar:/home/dell/.m2/repository/org/apache/commons/commons-collections4/4.4/commons-collections4-4.4.jar:/home/dell/.m2/repository/org/apache/poi/poi/4.1.0/poi-4.1.0.jar:/home/dell/.m2/repository/commons-codec/commons-codec/1.12/commons-codec-1.12.jar:/home/dell/.m2/repository/org/apache/commons/commons-math3/3.6.1/commons-math3-3.6.1.jar:/home/dell/.m2/repository/org/apache/poi/poi-ooxml/4.1.0/poi-ooxml-4.1.0.jar:/home/dell/.m2/repository/org/apache/poi/poi-ooxml-schemas/4.1.0/poi-ooxml-schemas-4.1.0.jar:/home/dell/.m2/repository/org/apache/xmlbeans/xmlbeans/3.1.0/xmlbeans-3.1.0.jar:/home/dell/.m2/repository/org/apache/commons/commons-compress/1.18/commons-compress-1.18.jar:/home/dell/.m2/repository/com/github/virtuald/curvesapi/1.06/curvesapi-1.06.jar:"/>
    <property name="java.vm.vendor" value="Amazon.com Inc."/>
    <property name="sun.arch.data.model" value="64"/>
    <property name="java.vendor.url" value="https://aws.amazon.com/corretto/"/>
    <property name="user.timezone" value="Asia/Colombo"/>
    <property name="suiteXmlFile" value="testng.xml"/>
    <property name="java.vm.specification.version" value="11"/>
    <property name="os.name" value="Linux"/>
    <property name="PropertiesFile" value="/home/dell/Selenium_Automation/src/main/resources/Pet.csv"/>
    <property name="https" value="//web.qa.petsure.com/pet-breed,button,click,id,submit,"/>
    <property name="sun.java.launcher" value="SUN_STANDARD"/>
    <property name="user.country" value="US"/>
    <property name="sun.boot.library.path" value="/home/dell/apps/amazon-corretto-11.0.13.8.1-linux-x64/lib"/>
    <property name="sun.java.command" value="/home/dell/Selenium_Automation/target/surefire/surefirebooter4779347958458107073.jar /home/dell/Selenium_Automation/target/surefire 2022-01-02T23-13-56_914-jvmRun1 surefire9046971572975646172tmp surefire_016076080100570191682tmp"/>
    <property name="jdk.debug" value="release"/>
    <property name="surefire.test.class.path" value="/home/dell/Selenium_Automation/target/test-classes:/home/dell/Selenium_Automation/target/classes:/home/dell/.m2/repository/org/testng/testng/7.4.0/testng-7.4.0.jar:/home/dell/.m2/repository/com/beust/jcommander/1.78/jcommander-1.78.jar:/home/dell/.m2/repository/org/webjars/jquery/3.5.1/jquery-3.5.1.jar:/home/dell/.m2/repository/org/seleniumhq/selenium/selenium-java/3.141.59/selenium-java-3.141.59.jar:/home/dell/.m2/repository/org/seleniumhq/selenium/selenium-api/3.141.59/selenium-api-3.141.59.jar:/home/dell/.m2/repository/org/seleniumhq/selenium/selenium-chrome-driver/3.141.59/selenium-chrome-driver-3.141.59.jar:/home/dell/.m2/repository/org/seleniumhq/selenium/selenium-edge-driver/3.141.59/selenium-edge-driver-3.141.59.jar:/home/dell/.m2/repository/org/seleniumhq/selenium/selenium-firefox-driver/3.141.59/selenium-firefox-driver-3.141.59.jar:/home/dell/.m2/repository/org/seleniumhq/selenium/selenium-ie-driver/3.141.59/selenium-ie-driver-3.141.59.jar:/home/dell/.m2/repository/org/seleniumhq/selenium/selenium-opera-driver/3.141.59/selenium-opera-driver-3.141.59.jar:/home/dell/.m2/repository/org/seleniumhq/selenium/selenium-remote-driver/3.141.59/selenium-remote-driver-3.141.59.jar:/home/dell/.m2/repository/org/seleniumhq/selenium/selenium-safari-driver/3.141.59/selenium-safari-driver-3.141.59.jar:/home/dell/.m2/repository/org/seleniumhq/selenium/selenium-support/3.141.59/selenium-support-3.141.59.jar:/home/dell/.m2/repository/net/bytebuddy/byte-buddy/1.8.15/byte-buddy-1.8.15.jar:/home/dell/.m2/repository/org/apache/commons/commons-exec/1.3/commons-exec-1.3.jar:/home/dell/.m2/repository/com/google/guava/guava/25.0-jre/guava-25.0-jre.jar:/home/dell/.m2/repository/com/google/code/findbugs/jsr305/1.3.9/jsr305-1.3.9.jar:/home/dell/.m2/repository/org/checkerframework/checker-compat-qual/2.0.0/checker-compat-qual-2.0.0.jar:/home/dell/.m2/repository/com/google/errorprone/error_prone_annotations/2.1.3/error_prone_annotations-2.1.3.jar:/home/dell/.m2/repository/com/google/j2objc/j2objc-annotations/1.1/j2objc-annotations-1.1.jar:/home/dell/.m2/repository/org/codehaus/mojo/animal-sniffer-annotations/1.14/animal-sniffer-annotations-1.14.jar:/home/dell/.m2/repository/com/squareup/okhttp3/okhttp/3.11.0/okhttp-3.11.0.jar:/home/dell/.m2/repository/com/squareup/okio/okio/1.14.0/okio-1.14.0.jar:/home/dell/.m2/repository/io/github/bonigarcia/webdrivermanager/5.0.0/webdrivermanager-5.0.0.jar:/home/dell/.m2/repository/org/slf4j/slf4j-api/1.7.32/slf4j-api-1.7.32.jar:/home/dell/.m2/repository/com/google/code/gson/gson/2.8.8/gson-2.8.8.jar:/home/dell/.m2/repository/org/jsoup/jsoup/1.14.2/jsoup-1.14.2.jar:/home/dell/.m2/repository/com/github/docker-java/docker-java/3.2.11/docker-java-3.2.11.jar:/home/dell/.m2/repository/com/github/docker-java/docker-java-core/3.2.11/docker-java-core-3.2.11.jar:/home/dell/.m2/repository/com/github/docker-java/docker-java-api/3.2.11/docker-java-api-3.2.11.jar:/home/dell/.m2/repository/com/fasterxml/jackson/core/jackson-annotations/2.10.3/jackson-annotations-2.10.3.jar:/home/dell/.m2/repository/commons-io/commons-io/2.6/commons-io-2.6.jar:/home/dell/.m2/repository/commons-lang/commons-lang/2.6/commons-lang-2.6.jar:/home/dell/.m2/repository/com/fasterxml/jackson/core/jackson-databind/2.10.3/jackson-databind-2.10.3.jar:/home/dell/.m2/repository/com/fasterxml/jackson/core/jackson-core/2.10.3/jackson-core-2.10.3.jar:/home/dell/.m2/repository/org/bouncycastle/bcpkix-jdk15on/1.64/bcpkix-jdk15on-1.64.jar:/home/dell/.m2/repository/org/bouncycastle/bcprov-jdk15on/1.64/bcprov-jdk15on-1.64.jar:/home/dell/.m2/repository/org/slf4j/jcl-over-slf4j/1.7.30/jcl-over-slf4j-1.7.30.jar:/home/dell/.m2/repository/com/github/docker-java/docker-java-transport-httpclient5/3.2.11/docker-java-transport-httpclient5-3.2.11.jar:/home/dell/.m2/repository/com/github/docker-java/docker-java-transport/3.2.11/docker-java-transport-3.2.11.jar:/home/dell/.m2/repository/org/apache/httpcomponents/client5/httpclient5/5.0.3/httpclient5-5.0.3.jar:/home/dell/.m2/repository/org/apache/httpcomponents/core5/httpcore5/5.0.2/httpcore5-5.0.2.jar:/home/dell/.m2/repository/net/java/dev/jna/jna/5.8.0/jna-5.8.0.jar:/home/dell/.m2/repository/org/brotli/dec/0.1.2/dec-0.1.2.jar:/home/dell/.m2/repository/com/opencsv/opencsv/5.4/opencsv-5.4.jar:/home/dell/.m2/repository/org/apache/commons/commons-lang3/3.11/commons-lang3-3.11.jar:/home/dell/.m2/repository/org/apache/commons/commons-text/1.9/commons-text-1.9.jar:/home/dell/.m2/repository/commons-beanutils/commons-beanutils/1.9.4/commons-beanutils-1.9.4.jar:/home/dell/.m2/repository/commons-logging/commons-logging/1.2/commons-logging-1.2.jar:/home/dell/.m2/repository/commons-collections/commons-collections/3.2.2/commons-collections-3.2.2.jar:/home/dell/.m2/repository/org/apache/commons/commons-collections4/4.4/commons-collections4-4.4.jar:/home/dell/.m2/repository/org/apache/poi/poi/4.1.0/poi-4.1.0.jar:/home/dell/.m2/repository/commons-codec/commons-codec/1.12/commons-codec-1.12.jar:/home/dell/.m2/repository/org/apache/commons/commons-math3/3.6.1/commons-math3-3.6.1.jar:/home/dell/.m2/repository/org/apache/poi/poi-ooxml/4.1.0/poi-ooxml-4.1.0.jar:/home/dell/.m2/repository/org/apache/poi/poi-ooxml-schemas/4.1.0/poi-ooxml-schemas-4.1.0.jar:/home/dell/.m2/repository/org/apache/xmlbeans/xmlbeans/3.1.0/xmlbeans-3.1.0.jar:/home/dell/.m2/repository/org/apache/commons/commons-compress/1.18/commons-compress-1.18.jar:/home/dell/.m2/repository/com/github/virtuald/curvesapi/1.06/curvesapi-1.06.jar:"/>
    <property name="sun.cpu.endian" value="little"/>
    <property name="user.home" value="/home/dell"/>
    <property name="user.language" value="en"/>
    <property name="java.specification.vendor" value="Oracle Corporation"/>
    <property name="java.version.date" value="2021-10-19"/>
    <property name="java.home" value="/home/dell/apps/amazon-corretto-11.0.13.8.1-linux-x64"/>
    <property name="file.separator" value="/"/>
    <property name="basedir" value="/home/dell/Selenium_Automation"/>
    <property name="java.vm.compressedOopsMode" value="Zero based"/>
    <property name="line.separator" value="&#10;"/>
    <property name="java.specification.name" value="Java Platform API Specification"/>
    <property name="java.vm.specification.vendor" value="Oracle Corporation"/>
    <property name="java.awt.graphicsenv" value="sun.awt.X11GraphicsEnvironment"/>
    <property name="surefire.real.class.path" value="/home/dell/Selenium_Automation/target/surefire/surefirebooter4779347958458107073.jar"/>
    <property name="sun.management.compiler" value="HotSpot 64-Bit Tiered Compilers"/>
    <property name="java.runtime.version" value="11.0.13+8-LTS"/>
    <property name="user.name" value="dell"/>
    <property name="path.separator" value=":"/>
    <property name="URL" value="ID,UI Type,Action,Read Type,Read Path,Data"/>
    <property name="os.version" value="5.11.0-43-generic"/>
    <property name="java.runtime.name" value="OpenJDK Runtime Environment"/>
    <property name="file.encoding" value="UTF-8"/>
    <property name="java.vm.name" value="OpenJDK 64-Bit Server VM"/>
    <property name="java.vendor.version" value="Corretto-11.0.13.8.1"/>
    <property name="localRepository" value="/home/dell/.m2/repository"/>
    <property name="java.vendor.url.bug" value="https://github.com/corretto/corretto-11/issues/"/>
    <property name="java.io.tmpdir" value="/tmp"/>
    <property name="java.version" value="11.0.13"/>
    <property name="user.dir" value="/home/dell/Selenium_Automation"/>
    <property name="os.arch" value="amd64"/>
    <property name="java.vm.specification.name" value="Java Virtual Machine Specification"/>
    <property name="java.awt.printerjob" value="sun.print.PSPrinterJob"/>
    <property name="sun.os.patch.level" value="unknown"/>
    <property name="environment" value="pet"/>
    <property name="java.library.path" value="/u01/app/oracle/product/11.2.0/xe/lib:/u01/app/oracle/product/11.2.0/xe/lib::/usr/java/packages/lib:/usr/lib64:/lib64:/lib:/usr/lib"/>
    <property name="java.vm.info" value="mixed mode"/>
    <property name="java.vendor" value="Amazon.com Inc."/>
    <property name="java.vm.version" value="11.0.13+8-LTS"/>
    <property name="sun.io.unicode.encoding" value="UnicodeLittle"/>
    <property name="java.class.version" value="55.0"/>
  </properties>
  <testcase name="Test" classname="org.example.GenaricAutomation" time="21.67">
    <system-err><![CDATA[SLF4J: Failed to load class "org.slf4j.impl.StaticLoggerBinder".
SLF4J: Defaulting to no-operation (NOP) logger implementation
SLF4J: See http://www.slf4j.org/codes.html#StaticLoggerBinder for further details.
Starting ChromeDriver 96.0.4664.45 (76e4c1bb2ab4671b8beba3444e61c0f17584b2fc-refs/branch-heads/4664@{#947}) on port 5043
Only local connections are allowed.
Please see https://chromedriver.chromium.org/security-considerations for suggestions on keeping ChromeDriver safe.
ChromeDriver was started successfully.
Jan 02, 2022 11:14:04 PM org.openqa.selenium.remote.ProtocolHandshake createSession
INFO: Detected dialect: W3C
]]></system-err>
  </testcase>
</testsuite>