<?xml version="1.0" encoding="UTF-8"?>
<!-- Generated by org.testng.reporters.JUnitReportReporter -->
<testsuite hostname="DESKTOP-C7DESS3" failures="0" tests="3" name="org.example.GenaricAutomation" time="15.115" errors="0" timestamp="2022-01-24T10:32:56 IST" skipped="0">
  <testcase classname="org.example.GenaricAutomation" name="Test" time="5.421"/>
  <system-out/>
  <testcase classname="org.example.GenaricAutomation" name="Test" time="5.110"/>
  <system-out/>
  <testcase classname="org.example.GenaricAutomation" name="Test" time="4.584"/>
  <system-out/>
</testsuite> <!-- org.example.GenaricAutomation -->
